<?xml version="1.0" encoding="UTF-8"?>
<!-- Generated by org.testng.reporters.JUnitXMLReporter -->
<testsuite ignored="0" hostname="LAPTOP-LDU9LR85" failures="1" tests="1" name="Default test" time="9.17" errors="0" timestamp="2025-09-07T14:55:49 IST">
  <testcase classname="io.cucumber.testng.AbstractTestNGCucumberTests" name="runScenario" time="8.035">
    <failure type="java.lang.NullPointerException" message="Cannot invoke &amp;quot;utils.ElementUtils.click(org.openqa.selenium.By)&amp;quot; because &amp;quot;this.elementUtils&amp;quot; is null">
      <![CDATA[java.lang.NullPointerException: Cannot invoke "utils.ElementUtils.click(org.openqa.selenium.By)" because "this.elementUtils" is null
at pages.PaymentPage.clickPayNow(PaymentPage.java:38)
at stepDefinitions.PaymentSteps.user_is_on_payment_method_page(PaymentSteps.java:20)
at âœ½.user is on Payment Method page(file:///C:/Users/POOJA/eclipse-workspace/new%20workplace/VietJetAirTest/src/main/resources/features/Payment.feature:6)
]]>
    </failure>
  </testcase> <!-- runScenario -->
</testsuite> <!-- Default test -->
