<?xml version="1.0" encoding="UTF-8"?>
<!-- Generated by org.testng.reporters.JUnitReportReporter -->
<testsuite hostname="LAPTOP-LDU9LR85" failures="0" tests="1" name="runner.TestRunner" time="8.035" errors="1" timestamp="2025-09-07T14:55:49 IST" skipped="0">
  <testcase classname="runner.TestRunner" name="runScenario" time="8.035">
    <error message="Cannot invoke &quot;utils.ElementUtils.click(org.openqa.selenium.By)&quot; because &quot;this.elementUtils&quot; is null" type="java.lang.NullPointerException">
      <![CDATA[java.lang.NullPointerException: Cannot invoke "utils.ElementUtils.click(org.openqa.selenium.By)" because "this.elementUtils" is null
at pages.PaymentPage.clickPayNow(PaymentPage.java:38)
at stepDefinitions.PaymentSteps.user_is_on_payment_method_page(PaymentSteps.java:20)
at âœ½.user is on Payment Method page(file:///C:/Users/POOJA/eclipse-workspace/new%20workplace/VietJetAirTest/src/main/resources/features/Payment.feature:6)
]]>
    </error>
  </testcase> <!-- runScenario -->
</testsuite> <!-- runner.TestRunner -->
